<?xml version="1.0" encoding="UTF-8"?>
<testng-results skipped="0" failed="1" ignored="0" total="1" passed="0">
  <reporter-output>
    <line>
      <![CDATA[[[ChromeDriver: chrome on XP (7fdf333f1877f2900f41c77f06fa3ca0)] -> xpath: //span[text()='Sign In']] found:]]>
    </line>
    <line>
      <![CDATA[[[ChromeDriver: chrome on XP (7fdf333f1877f2900f41c77f06fa3ca0)] -> id: emailId] found:]]>
    </line>
    <line>
      <![CDATA[[[ChromeDriver: chrome on XP (7fdf333f1877f2900f41c77f06fa3ca0)] -> id: continueBtn] found:]]>
    </line>
    <line>
      <![CDATA[[[ChromeDriver: chrome on XP (7fdf333f1877f2900f41c77f06fa3ca0)] -> id: set-password] found:]]>
    </line>
    <line>
      <![CDATA[[[ChromeDriver: chrome on XP (7fdf333f1877f2900f41c77f06fa3ca0)] -> id: userRegister] found:]]>
    </line>
    <line>
      <![CDATA[[[ChromeDriver: chrome on XP (7fdf333f1877f2900f41c77f06fa3ca0)] -> xpath: //i[@class='icon first_arrow hidden-xs']] found:]]>
    </line>
    <line>
      <![CDATA[mousehovered on [[ChromeDriver: chrome on XP (7fdf333f1877f2900f41c77f06fa3ca0)] -> xpath: //i[@class='icon first_arrow hidden-xs']]]]>
    </line>
    <line>
      <![CDATA[[[ChromeDriver: chrome on XP (7fdf333f1877f2900f41c77f06fa3ca0)] -> xpath: //a[@href='https://cvaccount.craftsvilla.com/customer/account/logout']] not found]]>
    </line>
  </reporter-output>
  <suite name="Craftsvilla" duration-ms="23590" started-at="2018-09-06T18:29:14Z" finished-at="2018-09-06T18:29:38Z">
    <groups>
    </groups>
    <test name="Regression" duration-ms="23590" started-at="2018-09-06T18:29:14Z" finished-at="2018-09-06T18:29:38Z">
      <class name="com.craftsvilla.testscripts.SignUpScripts">
        <test-method status="PASS" signature="launchBrowser(java.lang.String)[pri:0, instance:com.craftsvilla.testscripts.SignUpScripts@30a3107a]" name="launchBrowser" is-config="true" duration-ms="5355" started-at="2018-09-06T18:29:14Z" finished-at="2018-09-06T18:29:19Z">
          <params>
            <param index="0">
              <value>
                <![CDATA[chrome]]>
              </value>
            </param>
          </params>
          <reporter-output>
          </reporter-output>
        </test-method> <!-- launchBrowser -->
        <test-method status="FAIL" signature="signUp()[pri:0, instance:com.craftsvilla.testscripts.SignUpScripts@30a3107a]" name="signUp" duration-ms="17545" started-at="2018-09-06T18:29:19Z" finished-at="2018-09-06T18:29:37Z">
          <exception class="org.openqa.selenium.ElementNotVisibleException">
            <message>
              <![CDATA[element not visible
  (Session info: chrome=68.0.3440.106)
  (Driver info: chromedriver=2.41.578737 (49da6702b16031c40d63e5618de03a32ff6c197e),platform=Windows NT 10.0.17134 x86_64) (WARNING: The server did not provide any stacktrace information)
Command duration or timeout: 0 milliseconds
Build info: version: '3.14.0', revision: 'aacccce0', time: '2018-08-02T20:13:22.693Z'
System info: host: 'DESKTOP-SQ74VUK', ip: '192.168.1.165', os.name: 'Windows 10', os.arch: 'amd64', os.version: '10.0', java.version: '1.8.0_181'
Driver info: org.openqa.selenium.chrome.ChromeDriver
Capabilities {acceptInsecureCerts: false, acceptSslCerts: false, applicationCacheEnabled: false, browserConnectionEnabled: false, browserName: chrome, chrome: {chromedriverVersion: 2.41.578737 (49da6702b16031..., userDataDir: C:\Users\Dell\AppData\Local...}, cssSelectorsEnabled: true, databaseEnabled: false, goog:chromeOptions: {debuggerAddress: localhost:52997}, handlesAlerts: true, hasTouchScreen: false, javascriptEnabled: true, locationContextEnabled: true, mobileEmulationEnabled: false, nativeEvents: true, networkConnectionEnabled: false, pageLoadStrategy: normal, platform: XP, platformName: XP, rotatable: false, setWindowRect: true, takesHeapSnapshot: true, takesScreenshot: true, unexpectedAlertBehaviour: , unhandledPromptBehavior: , version: 68.0.3440.106, webStorageEnabled: true}
Session ID: 7fdf333f1877f2900f41c77f06fa3ca0]]>
            </message>
            <full-stacktrace>
              <![CDATA[org.openqa.selenium.ElementNotVisibleException: element not visible
  (Session info: chrome=68.0.3440.106)
  (Driver info: chromedriver=2.41.578737 (49da6702b16031c40d63e5618de03a32ff6c197e),platform=Windows NT 10.0.17134 x86_64) (WARNING: The server did not provide any stacktrace information)
Command duration or timeout: 0 milliseconds
Build info: version: '3.14.0', revision: 'aacccce0', time: '2018-08-02T20:13:22.693Z'
System info: host: 'DESKTOP-SQ74VUK', ip: '192.168.1.165', os.name: 'Windows 10', os.arch: 'amd64', os.version: '10.0', java.version: '1.8.0_181'
Driver info: org.openqa.selenium.chrome.ChromeDriver
Capabilities {acceptInsecureCerts: false, acceptSslCerts: false, applicationCacheEnabled: false, browserConnectionEnabled: false, browserName: chrome, chrome: {chromedriverVersion: 2.41.578737 (49da6702b16031..., userDataDir: C:\Users\Dell\AppData\Local...}, cssSelectorsEnabled: true, databaseEnabled: false, goog:chromeOptions: {debuggerAddress: localhost:52997}, handlesAlerts: true, hasTouchScreen: false, javascriptEnabled: true, locationContextEnabled: true, mobileEmulationEnabled: false, nativeEvents: true, networkConnectionEnabled: false, pageLoadStrategy: normal, platform: XP, platformName: XP, rotatable: false, setWindowRect: true, takesHeapSnapshot: true, takesScreenshot: true, unexpectedAlertBehaviour: , unhandledPromptBehavior: , version: 68.0.3440.106, webStorageEnabled: true}
Session ID: 7fdf333f1877f2900f41c77f06fa3ca0
at sun.reflect.NativeConstructorAccessorImpl.newInstance0(Native Method)
at sun.reflect.NativeConstructorAccessorImpl.newInstance(NativeConstructorAccessorImpl.java:62)
at sun.reflect.DelegatingConstructorAccessorImpl.newInstance(DelegatingConstructorAccessorImpl.java:45)
at java.lang.reflect.Constructor.newInstance(Constructor.java:423)
at org.openqa.selenium.remote.ErrorHandler.createThrowable(ErrorHandler.java:214)
at org.openqa.selenium.remote.ErrorHandler.throwIfResponseFailed(ErrorHandler.java:166)
at org.openqa.selenium.remote.http.JsonHttpResponseCodec.reconstructValue(JsonHttpResponseCodec.java:40)
at org.openqa.selenium.remote.http.AbstractHttpResponseCodec.decode(AbstractHttpResponseCodec.java:80)
at org.openqa.selenium.remote.http.AbstractHttpResponseCodec.decode(AbstractHttpResponseCodec.java:44)
at org.openqa.selenium.remote.HttpCommandExecutor.execute(HttpCommandExecutor.java:158)
at org.openqa.selenium.remote.service.DriverCommandExecutor.execute(DriverCommandExecutor.java:83)
at org.openqa.selenium.remote.RemoteWebDriver.execute(RemoteWebDriver.java:548)
at org.openqa.selenium.remote.RemoteWebElement.execute(RemoteWebElement.java:276)
at org.openqa.selenium.remote.RemoteWebElement.click(RemoteWebElement.java:83)
at sun.reflect.NativeMethodAccessorImpl.invoke0(Native Method)
at sun.reflect.NativeMethodAccessorImpl.invoke(NativeMethodAccessorImpl.java:62)
at sun.reflect.DelegatingMethodAccessorImpl.invoke(DelegatingMethodAccessorImpl.java:43)
at java.lang.reflect.Method.invoke(Method.java:498)
at org.openqa.selenium.support.pagefactory.internal.LocatingElementHandler.invoke(LocatingElementHandler.java:51)
at com.sun.proxy.$Proxy10.click(Unknown Source)
at com.craftsvilla.pompage.HomePage.clickOnLogout(HomePage.java:84)
at com.craftsvilla.testscripts.SignUpScripts.signUp(SignUpScripts.java:32)
at sun.reflect.NativeMethodAccessorImpl.invoke0(Native Method)
at sun.reflect.NativeMethodAccessorImpl.invoke(NativeMethodAccessorImpl.java:62)
at sun.reflect.DelegatingMethodAccessorImpl.invoke(DelegatingMethodAccessorImpl.java:43)
at java.lang.reflect.Method.invoke(Method.java:498)
at org.testng.internal.MethodInvocationHelper.invokeMethod(MethodInvocationHelper.java:124)
at org.testng.internal.Invoker.invokeMethod(Invoker.java:580)
at org.testng.internal.Invoker.invokeTestMethod(Invoker.java:716)
at org.testng.internal.Invoker.invokeTestMethods(Invoker.java:988)
at org.testng.internal.TestMethodWorker.invokeTestMethods(TestMethodWorker.java:125)
at org.testng.internal.TestMethodWorker.run(TestMethodWorker.java:109)
at org.testng.TestRunner.privateRun(TestRunner.java:648)
at org.testng.TestRunner.run(TestRunner.java:505)
at org.testng.SuiteRunner.runTest(SuiteRunner.java:455)
at org.testng.SuiteRunner.runSequentially(SuiteRunner.java:450)
at org.testng.SuiteRunner.privateRun(SuiteRunner.java:415)
at org.testng.SuiteRunner.run(SuiteRunner.java:364)
at org.testng.SuiteRunnerWorker.runSuite(SuiteRunnerWorker.java:52)
at org.testng.SuiteRunnerWorker.run(SuiteRunnerWorker.java:84)
at org.testng.TestNG.runSuitesSequentially(TestNG.java:1208)
at org.testng.TestNG.runSuitesLocally(TestNG.java:1137)
at org.testng.TestNG.runSuites(TestNG.java:1049)
at org.testng.TestNG.run(TestNG.java:1017)
at org.testng.remote.AbstractRemoteTestNG.run(AbstractRemoteTestNG.java:114)
at org.testng.remote.RemoteTestNG.initAndRun(RemoteTestNG.java:251)
at org.testng.remote.RemoteTestNG.main(RemoteTestNG.java:77)
]]>
            </full-stacktrace>
          </exception> <!-- org.openqa.selenium.ElementNotVisibleException -->
          <reporter-output>
            <line>
              <![CDATA[[[ChromeDriver: chrome on XP (7fdf333f1877f2900f41c77f06fa3ca0)] -> xpath: //span[text()='Sign In']] found:]]>
            </line>
            <line>
              <![CDATA[[[ChromeDriver: chrome on XP (7fdf333f1877f2900f41c77f06fa3ca0)] -> id: emailId] found:]]>
            </line>
            <line>
              <![CDATA[[[ChromeDriver: chrome on XP (7fdf333f1877f2900f41c77f06fa3ca0)] -> id: continueBtn] found:]]>
            </line>
            <line>
              <![CDATA[[[ChromeDriver: chrome on XP (7fdf333f1877f2900f41c77f06fa3ca0)] -> id: set-password] found:]]>
            </line>
            <line>
              <![CDATA[[[ChromeDriver: chrome on XP (7fdf333f1877f2900f41c77f06fa3ca0)] -> id: userRegister] found:]]>
            </line>
            <line>
              <![CDATA[[[ChromeDriver: chrome on XP (7fdf333f1877f2900f41c77f06fa3ca0)] -> xpath: //i[@class='icon first_arrow hidden-xs']] found:]]>
            </line>
            <line>
              <![CDATA[mousehovered on [[ChromeDriver: chrome on XP (7fdf333f1877f2900f41c77f06fa3ca0)] -> xpath: //i[@class='icon first_arrow hidden-xs']]]]>
            </line>
            <line>
              <![CDATA[[[ChromeDriver: chrome on XP (7fdf333f1877f2900f41c77f06fa3ca0)] -> xpath: //a[@href='https://cvaccount.craftsvilla.com/customer/account/logout']] not found]]>
            </line>
          </reporter-output>
        </test-method> <!-- signUp -->
        <test-method status="PASS" signature="closeApp()[pri:0, instance:com.craftsvilla.testscripts.SignUpScripts@30a3107a]" name="closeApp" is-config="true" duration-ms="666" started-at="2018-09-06T18:29:37Z" finished-at="2018-09-06T18:29:38Z">
          <reporter-output>
          </reporter-output>
        </test-method> <!-- closeApp -->
      </class> <!-- com.craftsvilla.testscripts.SignUpScripts -->
    </test> <!-- Regression -->
  </suite> <!-- Craftsvilla -->
</testng-results>
